
/home/runner/work/exp-cumulative-distribution-function-iitd/exp-cumulative-distribution-function-iitd/experiment/simulation/js/helper.js
    6:7   warning  'select' is assigned a value but never used      no-unused-vars
    7:7   warning  'canvas' is assigned a value but never used      no-unused-vars
    8:5   warning  'board' is assigned a value but never used       no-unused-vars
   11:7   warning  'attributes' is assigned a value but never used  no-unused-vars
   44:7   warning  'DENSITY' is assigned a value but never used     no-unused-vars
   45:7   warning  'TRIALS' is assigned a value but never used      no-unused-vars
   48:7   warning  'disc' is assigned a value but never used        no-unused-vars
   49:7   warning  'cont' is assigned a value but never used        no-unused-vars
   51:7   warning  'int_para' is assigned a value but never used    no-unused-vars
   52:7   warning  'neg_para' is assigned a value but never used    no-unused-vars
   54:7   warning  'parameter1' is assigned a value but never used  no-unused-vars
   69:7   warning  'parameter2' is assigned a value but never used  no-unused-vars
   79:7   warning  'default_p1' is assigned a value but never used  no-unused-vars
   94:7   warning  'default_p2' is assigned a value but never used  no-unused-vars
  104:7   warning  'Limits' is assigned a value but never used      no-unused-vars
  109:27  warning  'p2' is assigned a value but never used          no-unused-vars
  114:20  warning  'p' is assigned a value but never used           no-unused-vars
  118:25  warning  'p2' is assigned a value but never used          no-unused-vars
  127:27  warning  'p2' is assigned a value but never used          no-unused-vars
  133:11  warning  'jStat' is not defined                           no-undef
  133:41  warning  'jStat' is not defined                           no-undef
  137:14  warning  'jStat' is not defined                           no-undef
  141:14  warning  'jStat' is not defined                           no-undef
  145:15  warning  'jStat' is not defined                           no-undef
  146:13  warning  'jStat' is not defined                           no-undef
  147:25  warning  Unnecessary semicolon                            no-extra-semi
  148:23  warning  Unnecessary semicolon                            no-extra-semi
  152:25  warning  'p2' is assigned a value but never used          no-unused-vars
  153:15  warning  'jStat' is not defined                           no-undef
  154:25  warning  Unnecessary semicolon                            no-extra-semi
  155:18  warning  'jStat' is not defined                           no-undef
  158:25  warning  'p2' is assigned a value but never used          no-unused-vars
  159:25  warning  'jStat' is not defined                           no-undef
  159:68  warning  'jStat' is not defined                           no-undef
  168:43  warning  'p2' is assigned a value but never used          no-unused-vars
  174:10  warning  'jStat' is not defined                           no-undef
  177:39  warning  'p2' is assigned a value but never used          no-unused-vars
  178:10  warning  'jStat' is not defined                           no-undef
  185:45  warning  'p2' is assigned a value but never used          no-unused-vars
  191:10  warning  'jStat' is not defined                           no-undef
  196:10  warning  'jStat' is not defined                           no-undef
  204:10  warning  'jStat' is not defined                           no-undef
  207:43  warning  'p2' is assigned a value but never used          no-unused-vars
  211:42  warning  'p2' is assigned a value but never used          no-unused-vars
  212:10  warning  'jStat' is not defined                           no-undef
  216:7   warning  'cumFunc' is assigned a value but never used     no-unused-vars

/home/runner/work/exp-cumulative-distribution-function-iitd/exp-cumulative-distribution-function-iitd/experiment/simulation/js/main.js
    4:10  warning  'round' is defined but never used                        no-unused-vars
    9:10  warning  'distGraph' is defined but never used                    no-unused-vars
   12:21  warning  'Limits' is not defined                                  no-undef
   13:22  warning  'DENSITY' is not defined                                 no-undef
   19:60  warning  'MAXP' is not defined                                    no-undef
   21:10  warning  'Dist' is not defined                                    no-undef
   33:10  warning  'randGraph' is defined but never used                    no-unused-vars
   36:22  warning  'TRIALS' is not defined                                  no-undef
   37:12  warning  'Rand' is not defined                                    no-undef
   42:51  warning  'TRIALS' is not defined                                  no-undef
   53:21  warning  'TRIALS' is not defined                                  no-undef
   54:12  warning  'Rand' is not defined                                    no-undef
   65:10  warning  'clteGraph' is defined but never used                    no-unused-vars
   67:21  warning  'TRIALS' is not defined                                  no-undef
   70:12  warning  'Rand' is not defined                                    no-undef
   90:22  warning  'cDist' is not defined                                   no-undef
  103:18  warning  'parameter2' is not defined                              no-undef
  114:18  warning  'neg_para' is not defined                                no-undef
  118:18  warning  'neg_para' is not defined                                no-undef
  126:5   warning  'int_para' is not defined                                no-undef
  130:5   warning  'int_para' is not defined                                no-undef
  145:10  warning  'CDF' is defined but never used                          no-unused-vars
  146:17  warning  'select' is not defined                                  no-undef
  146:32  warning  'select' is not defined                                  no-undef
  147:19  warning  'disc' is not defined                                    no-undef
  151:18  warning  'Limits' is not defined                                  no-undef
  155:3   warning  'attributes' is not defined                              no-undef
  157:6   warning  'board' is not defined                                   no-undef
  158:4   warning  'JXG' is not defined                                     no-undef
  158:27  warning  'board' is not defined                                   no-undef
  160:3   warning  'board' is not defined                                   no-undef
  160:11  warning  'JXG' is not defined                                     no-undef
  160:43  warning  'attributes' is not defined                              no-undef
  162:3   warning  'board' is not defined                                   no-undef
  168:12  warning  'cDist' is not defined                                   no-undef
  170:4   warning  'board' is not defined                                   no-undef
  177:10  warning  'change' is defined but never used                       no-unused-vars
  178:15  warning  'select' is not defined                                  no-undef
  178:30  warning  'select' is not defined                                  no-undef
  190:27  warning  'parameter1' is not defined                              no-undef
  191:13  warning  'default_p1' is not defined                              no-undef
  193:5   warning  'parameter2' is not defined                              no-undef
  194:28  warning  'parameter2' is not defined                              no-undef
  195:14  warning  'default_p2' is not defined                              no-undef
  202:2   warning  'MathJax' is not defined                                 no-undef
  207:2   warning  'MathJax' is not defined                                 no-undef
  214:28  warning  'cumFunc' is not defined                                 no-undef
  215:2   warning  'MathJax' is not defined                                 no-undef
  218:10  warning  'outputCumulativeProbability' is defined but never used  no-unused-vars
  219:17  warning  'select' is not defined                                  no-undef
  219:32  warning  'select' is not defined                                  no-undef
  229:55  warning  'cDist' is not defined                                   no-undef

✖ 98 problems (0 errors, 98 warnings)
  0 errors and 3 warnings potentially fixable with the `--fix` option.

